2025-12-03 12:21:39 [main] WARN  TestNGContentHandler - It is strongly recommended to add "<!DOCTYPE suite SYSTEM "https://testng.org/testng-1.1.dtd" >" at the top of the suite file [C:\Users\admin\eclipse-workspace\Selenium-Automation\testng.xml] otherwise TestNG may fail or not work as expected.
2025-12-03 12:21:39 [main] INFO  Utils - [TestNG] Running:
  C:\Users\admin\eclipse-workspace\Selenium-Automation\testng.xml

2025-12-03 12:21:39 [main] INFO  Log - Starting WebDriver ...
2025-12-03 12:21:42 [main] INFO  Log - redirect to URL page ...
2025-12-03 12:21:43 [main] INFO  Log - starting login test....
2025-12-03 12:21:43 [main] INFO  Log - adding creditials ...
2025-12-03 12:21:43 [main] INFO  Log - entering username..admin@yourstore.com
2025-12-03 12:21:44 [main] INFO  Log - entering password..admin
2025-12-03 12:21:44 [main] INFO  Log - Clicking login button..
2025-12-03 12:21:44 [main] INFO  Log - verifying page title ...
2025-12-03 12:21:45 [main] INFO  Log - closing WebDriver ...
2025-12-03 13:57:01 [main] WARN  TestNGContentHandler - It is strongly recommended to add "<!DOCTYPE suite SYSTEM "https://testng.org/testng-1.1.dtd" >" at the top of the suite file [C:\Users\admin\eclipse-workspace\Selenium-Automation\testng.xml] otherwise TestNG may fail or not work as expected.
2025-12-03 13:57:01 [main] INFO  Utils - [TestNG] Running:
  C:\Users\admin\eclipse-workspace\Selenium-Automation\testng.xml

2025-12-03 13:57:01 [main] INFO  Log - Starting WebDriver ...
2025-12-03 13:57:03 [main] INFO  Log - redirect to URL page ...
2025-12-03 13:57:04 [main] INFO  Log - starting login test....
2025-12-03 13:57:04 [main] INFO  Log - adding creditials ...
2025-12-03 13:57:04 [main] INFO  Log - entering username..admin@yourstore.com
2025-12-03 13:57:04 [main] INFO  Log - entering password..admin
2025-12-03 13:57:05 [main] INFO  Log - Clicking login button..
2025-12-03 13:57:05 [main] INFO  Log - verifying page title ...
2025-12-03 13:57:05 [main] INFO  Log - closing WebDriver ...
2025-12-03 15:35:38 [main] WARN  TestNGContentHandler - It is strongly recommended to add "<!DOCTYPE suite SYSTEM "https://testng.org/testng-1.1.dtd" >" at the top of the suite file [C:\Users\admin\eclipse-workspace\Selenium-Automation\testng.xml] otherwise TestNG may fail or not work as expected.
2025-12-03 15:35:38 [main] INFO  Utils - [TestNG] Running:
  C:\Users\admin\eclipse-workspace\Selenium-Automation\testng.xml

2025-12-03 15:35:38 [main] ERROR AllureLifecycle - Could not update test container: container with uuid 0d75067f-091f-4d40-8f94-93247a6bf10b not found
2025-12-03 15:43:20 [main] WARN  TestNGContentHandler - It is strongly recommended to add "<!DOCTYPE suite SYSTEM "https://testng.org/testng-1.1.dtd" >" at the top of the suite file [C:\Users\admin\eclipse-workspace\Selenium-Automation\testng.xml] otherwise TestNG may fail or not work as expected.
2025-12-03 15:43:20 [main] INFO  Utils - [TestNG] Running:
  C:\Users\admin\eclipse-workspace\Selenium-Automation\testng.xml

2025-12-03 15:43:21 [main] INFO  Log - Starting WebDriver ...
2025-12-03 15:43:22 [main] INFO  Log - redirect to URL page ...
2025-12-03 15:43:23 [main] INFO  Log - starting login test....
2025-12-03 15:43:23 [main] INFO  Log - adding creditials ...
2025-12-03 15:43:23 [main] INFO  Log - entering username..admin@yourstore.com
2025-12-03 15:43:23 [main] INFO  Log - entering password..admin
2025-12-03 15:43:23 [main] INFO  Log - Clicking login button..
2025-12-03 15:43:23 [main] INFO  Log - verifying page title ...
2025-12-03 15:43:23 [main] INFO  Log - closing WebDriver ...
2025-12-03 16:42:44 [main] WARN  TestNGContentHandler - It is strongly recommended to add "<!DOCTYPE suite SYSTEM "https://testng.org/testng-1.1.dtd" >" at the top of the suite file [C:\Users\admin\eclipse-workspace\Selenium-Automation\testng.xml] otherwise TestNG may fail or not work as expected.
2025-12-03 16:42:44 [main] INFO  Utils - [TestNG] Running:
  C:\Users\admin\eclipse-workspace\Selenium-Automation\testng.xml

2025-12-03 16:42:45 [main] INFO  Log - Starting WebDriver ...
2025-12-03 16:42:46 [main] INFO  Log - redirect to URL page ...
2025-12-03 16:42:47 [main] INFO  Log - starting login test....
2025-12-03 16:42:47 [main] INFO  Log - adding creditials ...
2025-12-03 16:42:47 [main] INFO  Log - entering username..admin@yourstore.com
2025-12-03 16:42:47 [main] INFO  Log - entering password..admin
2025-12-03 16:42:47 [main] INFO  Log - Clicking login button..
2025-12-03 16:42:47 [main] INFO  Log - verifying page title ...
2025-12-03 16:42:47 [main] INFO  Log - closing WebDriver ...
